<?xml version="1.0" encoding="UTF-8"?>
<testng-results ignored="0" total="1" passed="1" failed="0" skipped="0">
  <reporter-output>
  </reporter-output>
  <suite started-at="2024-11-13T09:59:17 IST" name="Default suite" finished-at="2024-11-13T09:59:30 IST" duration-ms="12434">
    <groups>
      <group name="cucumber">
        <method signature="AbstractTestNGCucumberTests.runScenario(io.cucumber.testng.PickleWrapper,io.cucumber.testng.FeatureWrapper)[pri:0, instance:runner.runnerFile@74f0ea28]" name="runScenario" class="io.cucumber.testng.AbstractTestNGCucumberTests"/>
      </group> <!-- cucumber -->
    </groups>
    <test started-at="2024-11-13T09:59:17 IST" name="Default test" finished-at="2024-11-13T09:59:30 IST" duration-ms="12434">
      <class name="runner.runnerFile">
        <test-method is-config="true" signature="setUpClass(org.testng.ITestContext)[pri:0, instance:runner.runnerFile@74f0ea28]" started-at="2024-11-13T09:59:17 IST" name="setUpClass" finished-at="2024-11-13T09:59:19 IST" duration-ms="1177" status="PASS">
          <params>
            <param index="0">
              <value>
                <![CDATA[org.testng.TestRunner@3402b4c9]]>
              </value>
            </param>
          </params>
          <reporter-output>
          </reporter-output>
        </test-method> <!-- setUpClass -->
        <test-method signature="runScenario(io.cucumber.testng.PickleWrapper,io.cucumber.testng.FeatureWrapper)[pri:0, instance:runner.runnerFile@74f0ea28]" started-at="2024-11-13T09:59:19 IST" name="runScenario" description="Runs Cucumber Scenarios" data-provider="scenarios" finished-at="2024-11-13T09:59:30 IST" duration-ms="11019" status="PASS">
          <params>
            <param index="0">
              <value>
                <![CDATA["User navigates to watches page"]]>
              </value>
            </param>
            <param index="1">
              <value>
                <![CDATA["Login to flipkart"]]>
              </value>
            </param>
          </params>
          <reporter-output>
          </reporter-output>
        </test-method> <!-- runScenario -->
        <test-method is-config="true" signature="tearDownClass()[pri:0, instance:runner.runnerFile@74f0ea28]" started-at="2024-11-13T09:59:30 IST" name="tearDownClass" finished-at="2024-11-13T09:59:30 IST" duration-ms="76" status="PASS">
          <reporter-output>
          </reporter-output>
        </test-method> <!-- tearDownClass -->
      </class> <!-- runner.runnerFile -->
    </test> <!-- Default test -->
  </suite> <!-- Default suite -->
</testng-results>
